\BOOKMARK [1][-]{section.1}{\376\377\000H\000i\000s\000t\000\363\000r\000i\000a}{}% 1
\BOOKMARK [2][-]{subsection.1.1}{\376\377\000O\000s\000\040\000p\000r\000i\000n\000c\000i\000p\000a\000i\000s\000\040\000e\000p\000i\000s\000\363\000d\000i\000o\000s\000\040\000d\000a\000\040\000v\000i\000d\000a\000\040\000d\000e\000\040\000F\000u\000l\000t\000o\000n\000\040\000S\000h\000e\000e\000n}{section.1}% 2
\BOOKMARK [3][-]{subsubsection.1.1.1}{\376\377\000N\000a\000s\000c\000i\000m\000e\000n\000t\000o\000\040\000e\000\040\000i\000n\000f\000\342\000n\000c\000i\000a}{subsection.1.1}% 3
\BOOKMARK [3][-]{subsubsection.1.1.2}{\376\377\000P\000a\000d\000r\000e\000\040\000e\000\040\000i\000n\000t\000e\000l\000e\000c\000t\000u\000a\000l}{subsection.1.1}% 4
\BOOKMARK [3][-]{subsubsection.1.1.3}{\376\377\000B\000i\000s\000p\000o}{subsection.1.1}% 5
\BOOKMARK [3][-]{subsubsection.1.1.4}{\376\377\000B\000i\000s\000p\000o\000\040\000e\000\040\000e\000s\000t\000r\000e\000l\000a\000\040\000d\000a\000\040\000T\000V}{subsection.1.1}% 6
\BOOKMARK [3][-]{subsubsection.1.1.5}{\376\377\000E\000x\000\355\000l\000i\000o}{subsection.1.1}% 7
\BOOKMARK [3][-]{subsubsection.1.1.6}{\376\377\000A\000\040\000m\000o\000r\000t\000e\000\040\000d\000e\000\040\000F\000u\000l\000t\000o\000n\000\040\000S\000h\000e\000e\000n}{subsection.1.1}% 8
\BOOKMARK [2][-]{subsection.1.2}{\376\377\000F\000u\000l\000t\000o\000n\000\040\000S\000h\000e\000e\000n\000:\000\040\000o\000\040\000m\000a\000i\000o\000r\000\040\000c\000o\000m\000u\000n\000i\000c\000a\000d\000o\000r\000\040\000d\000o\000\040\000s\000\351\000c\000u\000l\000o\000\040\000X\000X}{section.1}% 9
\BOOKMARK [1][-]{section.2}{\376\377\000O\000r\000a\000\347\000\365\000e\000s}{}% 10
\BOOKMARK [2][-]{subsection.2.1}{\376\377\000P\000r\000i\000m\000e\000i\000r\000o\000\040\000D\000i\000a}{section.2}% 11
\BOOKMARK [3][-]{subsubsection.2.1.1}{\376\377\000O\000r\000a\000\347\000\343\000o}{subsection.2.1}% 12
\BOOKMARK [2][-]{subsection.2.2}{\376\377\000S\000e\000g\000u\000n\000d\000o\000\040\000D\000i\000a}{section.2}% 13
\BOOKMARK [3][-]{subsubsection.2.2.1}{\376\377\000O\000r\000a\000\347\000\343\000o}{subsection.2.2}% 14
\BOOKMARK [2][-]{subsection.2.3}{\376\377\000T\000e\000r\000c\000e\000i\000r\000o\000\040\000D\000i\000a}{section.2}% 15
\BOOKMARK [3][-]{subsubsection.2.3.1}{\376\377\000O\000r\000a\000\347\000\343\000o}{subsection.2.3}% 16
\BOOKMARK [2][-]{subsection.2.4}{\376\377\000Q\000u\000a\000r\000t\000o\000\040\000D\000i\000a}{section.2}% 17
\BOOKMARK [3][-]{subsubsection.2.4.1}{\376\377\000O\000r\000a\000\347\000\343\000o}{subsection.2.4}% 18
\BOOKMARK [2][-]{subsection.2.5}{\376\377\000Q\000u\000i\000n\000t\000o\000\040\000D\000i\000a}{section.2}% 19
\BOOKMARK [3][-]{subsubsection.2.5.1}{\376\377\000O\000r\000a\000\347\000\343\000o}{subsection.2.5}% 20
\BOOKMARK [2][-]{subsection.2.6}{\376\377\000S\000e\000x\000t\000o\000\040\000D\000i\000a}{section.2}% 21
\BOOKMARK [3][-]{subsubsection.2.6.1}{\376\377\000O\000r\000a\000\347\000\343\000o}{subsection.2.6}% 22
\BOOKMARK [2][-]{subsection.2.7}{\376\377\000S\000\351\000t\000i\000m\000o\000\040\000D\000i\000a}{section.2}% 23
\BOOKMARK [3][-]{subsubsection.2.7.1}{\376\377\000O\000r\000a\000\347\000\343\000o}{subsection.2.7}% 24
\BOOKMARK [2][-]{subsection.2.8}{\376\377\000O\000i\000t\000a\000v\000o\000\040\000D\000i\000a}{section.2}% 25
\BOOKMARK [3][-]{subsubsection.2.8.1}{\376\377\000O\000r\000a\000\347\000\343\000o}{subsection.2.8}% 26
\BOOKMARK [2][-]{subsection.2.9}{\376\377\000N\000o\000n\000o\000\040\000D\000i\000a}{section.2}% 27
\BOOKMARK [3][-]{subsubsection.2.9.1}{\376\377\000O\000r\000a\000\347\000\343\000o}{subsection.2.9}% 28
\BOOKMARK [2][-]{subsection.2.10}{\376\377\000O\000r\000a\000\347\000\343\000o\000\040\000p\000a\000r\000a\000\040\000a\000\040\000c\000a\000n\000o\000n\000i\000z\000a\000\347\000\343\000o\000\040\000d\000o\000\040\000V\000e\000n\000e\000r\000\341\000v\000e\000l\000\040\000F\000u\000l\000t\000o\000n\000\040\000S\000h\000e\000e\000n}{section.2}% 29
