\BOOKMARK [1][-]{section.1}{\376\377\000P\000r\000i\000m\000e\000i\000r\000o\000\040\000D\000i\000a}{}% 1
\BOOKMARK [2][-]{subsection.1.1}{\376\377\000R\000e\000f\000l\000e\000x\000\343\000o}{section.1}% 2
\BOOKMARK [2][-]{subsection.1.2}{\376\377\000J\000a\000c\000u\000l\000a\000t\000\363\000r\000i\000a}{section.1}% 3
\BOOKMARK [1][-]{section.2}{\376\377\000S\000e\000g\000u\000n\000d\000o\000\040\000D\000i\000a}{}% 4
\BOOKMARK [2][-]{subsection.2.1}{\376\377\000R\000e\000f\000l\000e\000x\000\343\000o}{section.2}% 5
\BOOKMARK [2][-]{subsection.2.2}{\376\377\000J\000a\000c\000u\000l\000a\000t\000\363\000r\000i\000a}{section.2}% 6
\BOOKMARK [1][-]{section.3}{\376\377\000T\000e\000r\000c\000e\000i\000r\000o\000\040\000D\000i\000a}{}% 7
\BOOKMARK [2][-]{subsection.3.1}{\376\377\000R\000e\000f\000l\000e\000x\000\343\000o}{section.3}% 8
\BOOKMARK [2][-]{subsection.3.2}{\376\377\000J\000a\000c\000u\000l\000a\000t\000\363\000r\000i\000a}{section.3}% 9
\BOOKMARK [1][-]{section.4}{\376\377\000Q\000u\000a\000r\000t\000o\000\040\000D\000i\000a}{}% 10
\BOOKMARK [2][-]{subsection.4.1}{\376\377\000R\000e\000f\000l\000e\000x\000\343\000o}{section.4}% 11
\BOOKMARK [2][-]{subsection.4.2}{\376\377\000J\000a\000c\000u\000l\000a\000t\000\363\000r\000i\000a}{section.4}% 12
\BOOKMARK [1][-]{section.5}{\376\377\000Q\000u\000i\000n\000t\000o\000\040\000D\000i\000a}{}% 13
\BOOKMARK [2][-]{subsection.5.1}{\376\377\000R\000e\000f\000l\000e\000x\000\343\000o}{section.5}% 14
\BOOKMARK [2][-]{subsection.5.2}{\376\377\000J\000a\000c\000u\000l\000a\000t\000\363\000r\000i\000a}{section.5}% 15
\BOOKMARK [1][-]{section.6}{\376\377\000S\000e\000x\000t\000o\000\040\000D\000i\000a}{}% 16
\BOOKMARK [2][-]{subsection.6.1}{\376\377\000R\000e\000f\000l\000e\000x\000\343\000o}{section.6}% 17
\BOOKMARK [2][-]{subsection.6.2}{\376\377\000J\000a\000c\000u\000l\000a\000t\000\363\000r\000i\000a}{section.6}% 18
\BOOKMARK [1][-]{section.7}{\376\377\000S\000\351\000t\000i\000m\000o\000\040\000D\000i\000a}{}% 19
\BOOKMARK [2][-]{subsection.7.1}{\376\377\000R\000e\000f\000l\000e\000x\000\343\000o}{section.7}% 20
\BOOKMARK [2][-]{subsection.7.2}{\376\377\000J\000a\000c\000u\000l\000a\000t\000\363\000r\000i\000a}{section.7}% 21
\BOOKMARK [1][-]{section.8}{\376\377\000O\000i\000t\000a\000v\000o\000\040\000D\000i\000a}{}% 22
\BOOKMARK [2][-]{subsection.8.1}{\376\377\000R\000e\000f\000l\000e\000x\000\343\000o}{section.8}% 23
\BOOKMARK [2][-]{subsection.8.2}{\376\377\000J\000a\000c\000u\000l\000a\000t\000\363\000r\000i\000a}{section.8}% 24
\BOOKMARK [1][-]{section.9}{\376\377\000N\000o\000n\000o\000\040\000D\000i\000a}{}% 25
\BOOKMARK [2][-]{subsection.9.1}{\376\377\000R\000e\000f\000l\000e\000x\000\343\000o}{section.9}% 26
\BOOKMARK [2][-]{subsection.9.2}{\376\377\000J\000a\000c\000u\000l\000a\000t\000\363\000r\000i\000a}{section.9}% 27
\BOOKMARK [1][-]{section.10}{\376\377\000O\000f\000e\000r\000e\000c\000i\000m\000e\000n\000t\000o\000\040\000d\000o\000\040\000E\000n\000x\000o\000v\000a\000l\000z\000i\000n\000h\000o\000\040\000a\000\040\000J\000e\000s\000u\000s\000\040\000p\000e\000l\000a\000s\000\040\000m\000\343\000o\000s\000\040\000d\000e\000\040\000M\000a\000r\000i\000a}{}% 28
